<?xml version="1.0" encoding="UTF-8"?>
<!-- Generated by org.testng.reporters.JUnitReportReporter -->
<testsuite skipped="0" hostname="LAPTOP-LPUGEO8E" name="test.NssListTest" tests="2" failures="0" timestamp="2023-04-10T00:40:00 CDT" time="8.946" errors="0">
  <testcase name="Usecase3" time="5.772" classname="test.NssListTest"/>
  <system-out/>
  <testcase name="initBrowserFactory" time="3.174" classname="test.NssListTest"/>
  <system-out/>
</testsuite> <!-- test.NssListTest -->
